<?xml version="1.0" encoding="UTF-8"?>
<!-- Generated by org.testng.reporters.JUnitReportReporter -->
<testsuite hostname="Dell" name="TestCases.LoginApplicationPage1" tests="1" failures="0" timestamp="1 Jul 2018 08:32:28 GMT" time="16.264" errors="0">
  <testcase name="login" time="16.264" classname="TestCases.LoginApplicationPage1"/>
</testsuite> <!-- TestCases.LoginApplicationPage1 -->
