<?xml version="1.0" encoding="UTF-8"?>
<!-- Generated by org.testng.reporters.JUnitReportReporter -->
<testsuite hostname="Dell" name="TestCases.LoginApplication" tests="1" failures="0" timestamp="6 Jul 2018 16:51:43 GMT" time="15.173" errors="0">
  <testcase name="login" time="15.173" classname="TestCases.LoginApplication"/>
</testsuite> <!-- TestCases.LoginApplication -->
